[    0.000000] Linux version 4.15.0-74-generic (buildd@lcy01-amd64-022) (gcc version 7.4.0 (Ubuntu 7.4.0-1ubuntu1~18.04.1)) #84-Ubuntu SMP Thu Dec 19 08:06:28 UTC 2019 (Ubuntu 4.15.0-74.84-generic 4.15.18)
[    0.000000] Command line: BOOT_IMAGE=/boot/vmlinuz-4.15.0-74-generic root=LABEL=cloudimg-rootfs ro console=tty1 console=ttyS0
[    0.000000] KERNEL supported cpus:
[    0.000000]   Intel GenuineIntel
[    0.000000]   AMD AuthenticAMD
[    0.000000]   Centaur CentaurHauls
[    0.000000] x86/fpu: Supporting XSAVE feature 0x001: 'x87 floating point registers'
[    0.000000] x86/fpu: Supporting XSAVE feature 0x002: 'SSE registers'
[    0.000000] x86/fpu: Supporting XSAVE feature 0x004: 'AVX registers'
[    0.000000] x86/fpu: xstate_offset[2]:  576, xstate_sizes[2]:  256
[    0.000000] x86/fpu: Enabled xstate features 0x7, context size i832 bytes, using 'standard' format.
[    0.000000] e820: BIOS-provided physical RAM map:
[    0.000000] BIOS-e820: [mem 0x0000000000000000-0x00000000009fbff] usabl
[    0.000000] BIOS-e820: [mem 0x000000000009fc00-0x000000000009ffff] reserved
[    0.000000] BIOS-e820: [mem 0x00000000000f0000-0x00000000000fffff] reserved
[    0.000000] BIOS-e820: [mem 0x0000000000100000-0x000000003ffeffff] usable
[    0.000000] BIOS-e820: [mem 0x000000003fff0000-0x000000003fffffff] ACPI data
[    0.000000] BIOS-e820: [mem 0x00000000fec00000-0x00000000fec00fff] reserved
[    0.000000] BIOS-e820: [mem 0x00000000fee00000-0x00000000fee00fff] reserved
[    0.000000] BIOS-e820: [mem 0x00000000fffc0000-0x00000000ffffffff] reserved
[    0.000000] NX(Execute Disable) protection: active
[    0.000000] SMBIOS 2.5 present.
[    0.000000] DMI: innotek GmbH VirtualBox/VirtualBox, BIOS VirtualBox 12/01/2006
[    0.000000] Hypervisor detected: KVM
[    0.000000] e820: last_pfn = 0x3fff0 max_arch_pfn = 0x400000000
[    0.000000] MTRR: Disabled
[    0.000000] x86/PAT: MTRRs disabled, skipping PAT initialization too.
[    0.000000] CPU MTRRs all blank - virtualized system.
[    0.000000] x86/PAT: Configuration [0-7]: WB  WT  UC- UC  WB  WT  UC- UC  
[    0.000000] found SMP MP-table at [mem 0x0009fff0-0x0009ffff]
[    0.000000] Scanning 1 areas for low memory corruption
[    0.000000] RAMISK: [mem 0x35a6b000-0x36d2cfff]
[    0.000000] ACPI: Early table checksum verification disabled
[    0.000000] ACPI: RSDP 0x00000000000E0000 000024 (v02 VBOX  )
[    000000] ACPI: XSDT 0x000000003FFF0030 00003C (v01 VBOX   VBOXXSDT 00000001 ASL  00000061)
[    0.000000] ACPI: FACP 0x000000003FFF00F0 0000F4 (v04 VBOX   VBOXFACP 00000001 ASL  00000061)
[    0.000000] ACPI: DSDT 0x000000003FFF0470 0021FF (v02 VBOX   VBOXBIOS 00000002 INTL 20180105)
[    0.000000] ACPI: FACS 0x000000003FFF0200 000040
[    0.000000] ACPI: FACS 0x000000003FFF0200 000040
[    0.000000] ACPI: APIC 0x000000003FFF0240 00005C (v02 VBOX   VBOXAPIC 00000001 ASL  00000061)
[    0.000000] ACPI: SSDT 0x000000003FFF02A0 0001CC (v01 VBOX   VBOXCPUT 00000002 INTL 20180105)
[    0.000000] No NUMA configuration found
[    0.000000] Faking a node at [mem 0x0000000000000000-0x000000003ffeffff]
[    0.000000] NODE_DATA(0) allocated [mem 0x3ffc5000-0x3ffeffff]
[    0.000000] kvm-clock: cpu 0, msr 0:3ff44001, primary cpu clock
[    0.000000] kvm-clock: Using msrs 4b564d01 and 4b564d00
[    0.000000] kvm-clock: using sched offset of 3634155884 cycles
[    0.000000] clocksource: kvm-clock: mask: 0xffffffffffffffff max_cycles: 0x1cd42e4dffb, max_idle_ns: 881590591483 ns
[    0.000000] Zone ranges:
[    0.000000]   DMA      [mem 0x0000000000001000-0x0000000000ffffff]
[    0.000000]   DMA32    [mem 0x0000000001000000-0x000000003ffeffff]
[    0.000000]   Normal   empty
[    0.000000]   Device   empty
[    0.000000] Movable zone start for each node
[    0.000000] Early memory node ranges
[    0.000000]   node   0: [mem 0x0000000000001000-0x000000000009efff]
[    0.000000]   node   0: [mem 0x0000000000100000-0x000000003ffeffff]
[    0.000000] Reserved but unavailable: 98 pages
[    0.000000] Inimem setup node 0 [mem 0x0000000000001000-0x000000003ffeffff]
[   0.000000] ACPI: PM-Timer IO Port: 0x4008
[    0.000000] IOAPIC[0]: apic_id 2, version 32, address 0xfec00000, GSI 0-23
[    0.000000]ACPI: INT_SRC_OVR (bus 0 bus_irq 0 global_irq 2 dfl dfl)
[    0.000000] ACPI: INT_SRC_OVR (s 0 bus_irq 9 global_irq 9 low level)
[    0.000000] UsingACI (MADT) for SMP configuration information
[    0.000000] smpboot: Allowing 2 CPUs, 0 hotplug CPUs
[    0.000000] PM Registered nosave memory: [mem 0x00000000-0x00000fff]
[    0.000000] PM: Registered nosave memory: [mem 0x0009f000-0x0009ffff]
[    0.000000] PM: Registered nosave memory: [mem 0x000a0000-0x000effff]
[    0.000000] PM: Registered nosave memory: [mem 0x000f0000-0x000fffff]
[    0.000000] e820: [mem 0x40000000-0xfebfffff] available for PCI devices
[    0.000000] Booting paravirtualized kernel on KVM
[    0.000000] clocksource: refined-jiffies: mask: 0xffffffff max_cycles: 0xffffffff, max_idle_ns: 7645519600211568 ns
[    0.000000] random: get_random_bytes called from start_kernel+0x99/0x4fd with crng_init=0
[    0.000000] setup_percpu: NR_CPUS:8192 nr_cpumask_bits:2 nr_cpu_ids:2 nr_node_ids:1
[    0.000000] percpu: Embedded 45 pages/cpu s147456 r8192 d28672 u1048576
[    0.000000] PV qspinlock hash table entries: 256 (order: 0, 4096 bytes)
[    0.000000] Built 1 zonelists, mobility grouping on.  Total pages: 257913
[    0.000000] Policy zone: DMA32
[    0.000000] Kernel command line: BOOT_IMAGE=/boot/vmlinuz-4.15.0-74-generic root=LABEL=cloudimg-rootfs ro console=tty1 console=ttyS0
[    0.000000] Memory: 983072K/1048120K available (12300K kernel code, 2481K rwdata, 4260K rodata, 2428K init, 2704K bss, 65048K reserved, 0K cma-reserved)
[    0.000000] SLUB: HWalign=64, Order=0-3, MinObjects=0, CPUs=2, Nodes=1
[    0.000000] Kernel/User page tables isolation: enabled
[    0.000000] ftrace: allocating 39322 entries in 154 pages
[    0.004000] Hierarchical RCU implementation.
[    0.004000] 	RCU restricting CPUs from NR_CPUS=8192 to nr_cpu_ids=2.
[    0.004000] 	Tasks RCU enabled.
[    0.004000] RCU: Adjusting geometry for rcu_fanout_leaf=16, nr_cpu_ids=2
[    0.004000] NR_IRQS: 524544, nr_irqs: 440, preallocated irqs: 16
[    0.004000] Console: colour VGA+ 80x25
[    0.004000] console [tty1] enable
[    0.004000] console [ttyS0] eabled
[    0.004000] ACPI: Core revision 20170831
[    0.004000] API: 2 ACPI AL tables successfully acquired and loaded
[    0.004000] APIC: Switch to symmetric I/O mode setup
[    0.004000] x2apic enabled
[    0.004000] Switched APIC routing to physical x2apic.
[    0.004000] ..TIMER: vector=0x30 apic1=0 pin1=2 apic2=-1 pin2=-1
[    0.004003] tsc: Detected 2304.010 MHz processor
[    0.004747] Calibrating delay loop (skipped) preset value.. 4608.02 BogoMIPS (lpj=9216040)
[    0.005554] pid_max: default: 32768 minimum: 301
[    0.008036] Security Framework initialized
[    0.012002] Yama: becoming mindful.
[    0.012703] AppArmor: AppArmor initialized
[    0.014256] Dentry cache hash table entries: 131072 (order: 8, 1048576 bytes)
[    0.016070] Inode-cache hash table entries: 65536 (order: 7, 524288 bytes)
[    0.017311] Mount-cache hash table entries: 2048 (order: 2, 16384 bytes)
[    0.018506] Mountpoint-cache hash table entries: 2048 (order: 2, 16384 bytes)
[    0.019963] Last level iTLB entries: 4KB 128, 2MB 8, 4MB 8
[    0.020002] Last level dTLB entries: 4KB 64, 2MB 0, 4MB 0, 1GB 4
[    0.021005] Spectre V1 : Mitigation: usercopy/swapgs barriers and __user pointer sanitization
[    0.022526] Spectre V2 : Mitigation: Full generic retpoline
[    0.024004] Spectre V2 : Spectre v2 / SpectreRSB mitigation: Filling RSB on context switch
[    0.028004] Speculative Store Bypass: Vulnerable
[    0.032054] MDS: Mitigation: Clear CPU buffers
[    0.036172] Freeing SMP alternatives memory: 36K
[    0.150801] APIC calibration not consistent with PM-Timer: 103ms instead of 100ms
[    0.152000] APIC delta adjusted to PM-Timer: 6249806 (6473065)
[    0.152053] smpboot: CPU0: Intel(R) Core(TM) i5-6300HQ CPU @ 2.30GHz (family: 0x6, model: 0x5e, stepping: 0x3)
[    0.156077] Performance Events: unsupported p6 CPU model 94 no PMU driver, software events only.
[    0.157624] Hierarchical SRCU implementation.
[    0.160612] NMI watchdog: Perf event create on CPU 0 failed with -2
[    0.164006] NMI watchdog: Perf NMI watchdog permanently disabled
[    0.168076] smp: Bringing up secondary CPUs ...
[    0.172091] x86: Booting SMP configuration:
[    0.172785] .... node  #0, CPUs:      #1
[    0.004000] kvm-clock: cpu 1, msr 0:3ff44041, secondary cpu clock
[    0.186233] smp: Brought up 1 node, 2 CPUs
[    0.188006] smpboot: Max logical packages: 1
[    0.192008] smpboot: Total of 2 processors activated (9216.04 BogoMIPS)
[    0.196149] devtmpfs: initialized
[    0.196601] x86/mm: Memory block size: 128MB
[    0.197455] evm: security.selinux
[    0.200006] evm: security.SMACK64
[    0.204002] evm: security.SMACK64EXEC
[    0.208005] evm: security.SMACK64TRANSMUTE
[    0.212008] evm: security.SMACK64MMAP
[    0.216004] evm: security.apparmor
[    0.220019] evm: security.ima
[    0.224003] evm: security.capability
[    0.228088] clocksource: jiffies: mask: 0xffffffff max_cycles: 0xffffffff, max_idle_ns: 7645041785100000 ns
[    0.232041] futex hash table entries: 512 (order: 3, 32768 bytes)
[    0.233709] pinctrl core: initialized pinctrl subsystem
[    0.236100] RTC time: 14:14:31, date: 01/27/20
[    0.236938] NET: Registered protocol family 16
[    0.237697] audit: initializing netlink subsys (disabled)
[    0.238713] audit: type=2000 audit(1580134462.979:1): state=initialized audit_enabled=0 res=1
[    0.240010] cpuidle: using governor ladder
[    0.240702] cpuidle: using governor menu
[    0.241338] ACPI: bus type PCI registered
[    0.242050] acpiphp: ACPI Hot Plug PCI Controller Driver version: 0.5
[    0.243123] PCI: Using configuration type 1 for base access
[    0.244914] HugeTLB registered 2.00 MiB page size, pre-allocated 0 pages
[    0.248115] ACPI: Added _OSI(Module Device)
[    0.252006] ACPI: Added _OSI(Processor Device)
[    0.254575] ACPI: Added _OSI(3.0 _SCP Extensions)
[    0.256006] ACPI: Added _OSI(Processor Aggregator Device)
[    0.256892] ACPI: Added _OSI(Linux-Dell-Video)
[    0.260007] ACPI: Added _OSI(Linux-Lenovo-NV-HDMI-Audio)
[    0.260881] ACPI: Added _OSI(Linux-HPI-Hybrid-Graphics)
[    0.264296] ACPI: Executed 1 blocks of module-level executable AML code
[    0.274675] ACPI: Interpreter enabled
[    0.276019] ACPI: (supports S0 S5)
[    0.280004] ACPI: Using IOAPIC for interrupt routing
[    0.284244] PCI: Using host bridge windows from ACPI; if necessary, use "pci=nocrs" and report a bug
[    0.288172] ACPI: Enabled 2 GPEs in block 00 to 07
[    0.299714] ACPI: PCI Root Bridge [PCI0] (domain 0000 [bus 00-ff])
[    0.300012] acpi PNP0A03:00: _OSC: OS supports [ASPM ClockPM Segments MSI]
[    0.304041] acpi PNP0A03:00: _OSC: not requesting OS control; OS requires [ExtendedConfig ASPM ClockPM MSI]
[    0.308019] acpi PNP0A03:00: fail to add MMCONFIG information, can't access extended PCI configuration space under this bridge.
[    0.312354] PCI host bridge to bus 0000:00
[    0.316009] pci_bus 0000:00: root bus resource [io  0x0000-0x0cf7 window]
[    0.320007] pci_bus 0000:00: root bus resource [io  0x0d00-0xffff window]
[    0.324004] pci_bus 0000:00: root bus resource [mem 0x000a0000-0x000bffff window]
[    0.328005] pci_bus 0000:00: root bus resource [mem 0x40000000-0xfdffffff window]
[    0.329201] pci_bus 0000:00: root bus resource [bus 00-ff]
[    0.334277] pci 0000:00:01.1: legacy IDE quirk: reg 0x10: [io  0x01f0-0x01f7]
[    0.336005] pci 0000:00:01.1: legacy IDE quirk: reg 0x14: [io  0x03f6]
[    0.340006] pci 0000:00:01.1: legacy IDE quirk: reg 0x18: [io  0x0170-0x0177]
[    0.344005] pci 0000:00:01.1: legacy IDE quirk: reg 0x1c: [io  0x0376]
[    0.365645] pci 0000:00:07.0: quirk: [io  0x4000-0x403f] claimed by PIIX4 ACPI
[    0.366904] pci 0000:00:07.0: quirk: [io  0x4100-0x410f] claimed by PIIX4 SMB
[    0.375333] ACPI: PCI Interrupt Link [LNKA] (IRQs 5 9 10 *11)
[    0.376316] ACPI: PCI Interrupt Link [LNKB] (IRQs 5 9 *10 11)
[    0.377264] ACPI: PCI Interrupt Link [LNKC] (IRQs 5 *9 10 11)
[    0.378298] ACPI: PCI Interrupt Link [LNKD] (IRQs 5 9 10 *11)
[    0.380154] SCSI subsystem initialized
[    0.380812] pci 0000:00:02.0: vgaarb: setting as boot VGA device
[    0.380915] pci 0000:00:02.0: vgaarb: VGA device added: decodes=io+mem,owns=io+mem,locks=none
[    0.382292] pci 0000:00:02.0: vgaarb: bridge control possible
[    0.383151] vgaarb: loaded
[    0.384040] ACPI: bus type USB registered
[    0.388023] usbcore: registered new interface driver usbfs
[    0.392010] usbcore: registered new interface driver hub
[    0.396033] usbcore: registered new device driver usb
[    0.400093] EDAC MC: Ver: 3.0.0
[    0.404030] PCI: Using ACPI for IRQ routing
[    0.404920] NetLabel: Initializing
[    0.408003] NetLabel:  domain hash size = 128
[    0.412004] NetLabel:  protocols = UNLABELED CIPSOv4 CALIPSO
[    0.416029] NetLabel:  unlabeled traffic allowed by default
[    0.420070] clocksource: Switched to clocksource kvm-clock
[    0.577046] VFS: Disk quotas dquot_6.6.0
[    0.591956] VFS: Dquot-cache hash table entries: 512 (oer, 96yts)[  0476]pprmor: Aprmr Filesystem Enabled
  1.79] npPnP ACPIni

[    110753] pnp: PnP ACPI: found 3 devices

[    1.685937] clocksource: acp_p mk:xfffmacyle 0xffffff, max_idle_ns: 2085701024 ns
[    2.233032] NET: Registered protocol family 2
[    2.406947] TCP established hash table entries: 8192 (order: 4, 65536 bytes)
[    2.418756] TCP bind hash table entries: 8192 (order: 5, 131072 bytes)
[    2.692871] TCP: Hash tables configured (established 8192 bind 8192)
[    2.771564] UDP hash table entries: 512 (order: 2, 16384 bytes)
[    2.772591] UDP-Lite hash table entries: 512 (order: 2, 16384 bytes)
[    2.773766] NET: Registered protocol family 1
[    2.774710] pci 0000:00:00.0: Limiting direct PCI/PCI transfs  2.63] ci 0000:00:01.0: Activating IS D hg rkous  3.86] i 000:.0Vio vi wth shadowed ROM t [mem 0x0000-000ff
  4.73] painintrmf..
[    5.185876] Freeing initrd memory: 19208K
[    5.293652] clocksource: tsc: mask: 0xffffffffffffffff max_cycles: 0x2136013637b, max_idle_ns: 440795209479 ns
[    5.295551] platform rtc_cmos: registered platform RTC device (no PNP device found)
[    5.296982] Scanning for low memory corruption every 60 seconds
[    5.329347] Initialise system trusted keyrings
[    5.330044] Key type blacklist registered
[    5.330837] workingset: timestamp_bits=36 max_order=18 bucket_order=0
[    5.332829] zbud: loaded
[    5.333789] squashfs: version 4.0 (2009/01/31) Phillip Lougher
[    5.335000] fuse init (API version 7.26)
[    5.337849] Key type asymmetric registered
[    5.338552] Asymmetric key parser 'x509' registered
[    5.339332] Block layer SCSI generic (bsg) driver version 0.4 loaded (major 246)
[    5.340605] io scheduler noop registered
[    5.341233] io scheduler deadline registered
[    5.341907] io scheduler cfq registered (default)
[    5.363111] ACPI: AC Adapter [AC] (on-line)
[    5.460395] input: Power Button as /devices/LNXSYSTM:00/LNXPWRBN:00/input/input0
[    5.658001] ACPI: Power Button [PWRF]
[    5.778667] input: Sleep Button as /devices/LNXSYSTM:00/LNXSLPBN:00/input/input1
[    5.874003] ACPI: Sleep Button [SLPF]
[    5.967853] ACPI: Battery Slot [BAT0] (battery present)
[    5.968141] Serial: 8250/16550 driver, 32 ports, IRQ sharing enabled
[    5.992731] 00:02: ttyS0 at I/O 0x3f8 (irq = 4, base_baud = 115200) is a 16550A
[    6.028958] Linux agpgart interface v0.103
[    6.030705] loop: module loaded
[    6.031760] scsi host0: ata_piix
[    6.074381] scsi host1: ata_piix
[    6.075097] ata1: PATA max UDMA/33 cmd 0x1f0 ctl 0x3f6 bmdma 0xd000 irq 14
[    6.106868] ata2: PATA max UDMA/33 cmd 0x170 ctl 0x376 bmdma 0xd008 irq 15
[    6.147745] libphy: Fixed MDIO Bus: probed
[    6.148653] tun: Universal TUN/TAP device driver, 1.6
[    6.149718] PPP generic driver version 2.4.2
[    6.150636] ehci_hcd: USB 2.0 'Enhanced' Host Controller (EHCI) Driver
[    6.151753] ehci-pci: EHCI PCI platform driver
[    6.197185] ehci-platform: EHCI generic platform driver
[    6.197976] ohci_hcd: USB 1.1 'Open' Host Controller (OHCI) Driver
[    6.198919] ohci-pci: OHCI PCI platform driver
[    6.199601] ohci-platform: OHCI generic platform driver
[    6.202542] uhci_hcd: USB Universal Host Controller Interface driver
[    6.203583] i8042: PNP: PS/2 Controller [PNP0303:PS2K,PNP0f03:PS2M] at 0x60,0x64 irq 1,12
[    6.288366] serio: i8042 KBD port at 0x60,0x64 irq 1
[    6.289280] serio: i8042 AUX port at 0x60,0x64 irq 12
[    6.290355] mousedev: PS/2 mouse device common for all mice
[    6.291530] input: AT Translated Set 2 keyboard as /devices/platform/i804//serio0/input/input2
[    6.347567] rtc_cmos rtc_cmos: rtc core: registered rtc_cmos as rtc0
[    6.348891] rtc_cmos rtc_cmos: alarms up to one day, 114 bytes nvram
[    6.350330] i2c /dev entries driver
[    6.351043] device-mapper: uevent: version 1.0.3
[    6.378507] device-mapper: ioctl: 4.37.0-ioctl (2017-09-20) initialised: dm-devel@redhat.com
[    6.380103] ledtrig-cpu: registered to indicate activity on CPUs
[    6.381552] NET: Registered protocol family 10
[    6.445564] Segment Routing with IPv6
[    6.537676] NET: Registered protocol family 17
[    6.652450] Key type dns_resolver registered
[    6.738859] mce: Using 0 MCE banks
[    6.772619] RAS: Correctable Errors collector initialized.
[    6.788860] sched_clock: Marking stable (6788838405, 0)->(22066647570, -15277809165)
[    6.790610] registered taskstats version 1
[    6.791308] Loading compiled-in X.509 certificates
[    6.810736] Loaded X.509 cert 'Build time autogenerated kernel key: 62d24f9c726e026b112735485dad6e6e4b50c923'
[    6.812398] zswap: loaded using pool lzo/zbud
[    6.816965] Key type big_key registered
[    6.827042] Key type trusted registered
[    6.829425] Key type encrypted registered
[    6.830102] AppArmor: AppArmor sha1 policy hashing enabled
[    6.830978] ima: No TPM chip found, activating TPM-bypass! (rc=-19)
[    6.831947] ima: Allocated hash algorithm: sha1
[    6.832722] evm: HMAC attrs: 0x1
[    6.833469]   Magic number: 4:650:233
[    6.834215] rtc_cmos rtc_cmos: setting system clock to 2020-01-27 14:14:39 UTC (1580134479)
[    6.835711] BIOS EDD facility v0.16 2004-Jun-25, 0 devices found
[    6.836674] EDD information not available.
[    6.840146] Freeing unused kernel image memory: 2428K
[    6.860170] Write protecting the kernel read-only data: 20480k
[    6.997410] Freeing unused kernel image memory: 2008K
[    7.053031] Freeing unused kernel image memory: 1884K
[    7.073395] x86/mm: Checked W+X mappings: passed, no W+X pages found.
[    7.076566] x86/mm: Checking user space page tables
[    7.084275] x86/mm: Checked W+X mappings: passed, no W+X pages found.
Loading, please wait...
starting version 237
[    7.352473] Fusion MPT base driver 3.04.20
[    7.357907] e1000: Intel(R) PRO/1000 Network Driver - version 7.3.21-k8-NAPI
[    7.656810] Copyright (c) 1999-2008 LSI Corporation
[    7.931704] e1000: Copyright (c) 1999-2006 Intel Corporation.
[    8.179301] AVX2 version of gcm_enc/dec engaged.
[    8.214773] AES CTR mode by8 optimization enabled
[    8.217363] Fusion MPT SPI Host driver 3.04.20
[    8.369222] input: ImExPS/2 Generic Explorer Mouse as /devices/platform/i8042/serio1/input/input4
[    8.567955] e1000 0000:00:03.0 eth0: (PCI:33MHz:32-bit) 02:6f:f9:1e:39:dc
[    8.946839] e1000 0000:00:03.0 eth0: Intel(R) PRO/1000 Network Connection
[    9.181402] e1000 0000:00:03.0 enp0s3: renamed from eth0
[    9.181648] mptbase: ioc0: Initiating bringup
[    9.337322] ioc0: LSI53C1030 A0: Capabilities={Initiator}
[   10.978688] scsi host2: ioc0: LSI53C1030 A0, FwRev=00000000h, Ports=1, MaxQ=256, IRQ=20
[   11.378135] scsi 2:0:0:0: Direct-Access     VBOX     HARDDISK         1.0  PQ: 0 ANSI: 5
[   11.460119] scsi target2:0:0: Beginning Domain Validation
[   11.490640] scsi target2:0:0: Domain Validation skipping write tests
[   11.491844] scsi target2:0:0: Ending Domain Validation
[   11.737027] scsi target2:0:0: asynchronous
[   11.798641] scsi 2:0:1:0: Direct-Access     VBOX     HARDDISK         1.0  PQ: 0 ANSI: 5
[   11.836093] scsi target2:0:1: Beginning Domain Validation
[   11.889387] random: fast init done
[   11.890427] scsi target2:0:1: Domain Validation skipping write tests
[   11.891480] scsi target2:0:1: Ending Domain Validation
[   11.892453] scsi target2:0:1: asynchronous
[   12.020633] random: systemd-udevd: uninitialized urandom read (16 bytes read)
[   12.211261] random: systemd-udevd: uninitialized urandom read (16 bytes read)
[   12.211343] sd 2:0:0:0: Attached scsi generic sg0 type 0
[   12.417191] random: systemd-udevd: uninitialized urandom read (16 bytes read)
[   12.474483] sd 2:0:0:0: [sda] 20971520 512-byte logical blocks: (10.7 GB/10.0 GiB)
[   12.477055] sd 2:0:1:0: [sdb] 20480 512-byte logical blocks: (10.5 MB/10.0 MiB)
[   13.281446] sd 2:0:1:0: Attached scsi generic sg1 type 0
[   13.281706] sd 2:0:1:0: [sdb] Write Protect is off
[   13.337307] sd 2:0:0:0: [sda] Write Protect is off
[   13.339317] sd 2:0:1:0: [sdb] Incomplete mode parameter data
[   14.136970] sd 2:0:1:0: [sdb] Assuming drive cache: write through
[   14.215494] sd 2:0:0:0: [sda] Incomplete mode parameter data
[   14.224536] sd 2:0:1:0: [sdb] Attached SCSI disk
[   14.407000] sd 2:0:0:0: [sda] Assuming drive cache: write through
[   14.493982]  sda: sda1
[   14.548853] sd 2:0:0:0: [sda] Attached SCSI disk
Begin: Loading essential drivers ... [   16.052070] raid6: sse2x1   gen()  9919 MB/s
[   16.184086] raid6: sse2x1   xor()  7421 MB/s
[   16.312085] raid6: sse2x2   gen() 12924 MB/s
[   16.444063] raid6: sse2x2   xor()  8137 MB/s
[   16.576129] raid6: sse2x4   gen() 14615 MB/s
[   16.676107] raid6: sse2x4   xor()  9214 MB/s
[   16.804028] raid6: avx2x1   gen() 18913 MB/s
[   16.856095] raid6: avx2x1   xor() 13821 MB/s
[   16.996089] raid6: avx2x2   gen() 23795 MB/s
[   17.148058] raid6: avx2x2   xor() 15703 MB/s
[   17.284079] raid6: avx2x4   gen() 28914 MB/s
[   17.408059] raid6: avx2x4   xor() 17373 MB/s
[   17.492442] raid6: using algorithm avx2x4 gen() 28914 MB/s
[   17.527111] raid6: .... xor() 17373 MB/s, rmw enabled
[   17.617415] raid6: using avx2x2 recovery algorithm
[   17.721682] xor: automatically using best checksumming function   avx       
[   17.863541] async_tx: api initialized (async)
done.
Begin: Running /scripts/init-premount ... done.
Begin: Mounting root file system ... Begin: Running /scripts/local-top ... done.
Begin: Running /scripts/local-premount ... [   17.915799] Btrfs loaded, crc32c=crc32c-intel
Scanning for Btrfs filesystems
done.
Warning: fsck not present, so skipping root file system
[   18.178319] EXT4-fs (sda1): mounted filesystem with ordered data mode. Opts: (null)
done.
Begin: Running /scripts/local-bottom ... done.
Begin: Running /scripts/init-bottom ... done.
[   18.599465] ip_tables: (C) 2000-2006 Netfilter Core Team
[   18.874933] systemd[1]: systemd 237 running in system mode. (+PAM +AUDIT +SELINUX +IMA +APPARMOR +SMACK +SYSVINIT +UTMP +LIBCRYPTSETUP +GCRYPT +GNUTLS +ACL +XZ +LZ4 +SECCOMP +BLKID +ELFUTILS +KMOD -IDN2 +IDN -PCRE2 default-hierarchy=hybrid)
[   19.429549] systemd[1]: Detected virtualization oracle.
[   19.430428] systemd[1]: Detected architecture x86-64.

Welcome to [1mUbuntu 18.04.3 LTS[0m!

[   20.160802] systemd[1]: Set hostname to <ubuntu>.
[   20.225664] systemd[1]: Initializing machine ID from random generator.
[   20.348463] systemd[1]: Installed transient /etc/machine-id file.
[   20.687947] systemd[1]: Reached target Swap.
[[0;32m  OK  [0m] Reached target Swap.
[   20.836985] systemd[1]: Set up automount Arbitrary Executable File Formats File System Automount Point.
[[0;32m  OK  [0m] Set up automount Arbitrary Executab…rmats File System Automount Point.
[   20.865050] systemd[1]: Reached target User and Group Name Lookups.
[[0;32m  OK  [0m] Reached target User and Group Name Lookups.
[   21.142011] systemd[1]: Created slice User and Session Slice.
[[0;32m  OK  [0m] Created slice User and Session Slice.
[[0;32m  OK  [0m] Created slice System Slice.
[[0;32m  OK  [0m] Listening on udev Control Socket.
[[0;32m  OK  [0m] Listening on Device-mapper event daemon FIFOs.
[[0;32m  OK  [0m] Listening on /dev/initctl Compatibility Named Pipe.
[[0;32m  OK  [0m] Listening on LVM2 poll daemon socket.
[[0;32m  OK  [0m] Listening on Journal Socket (/dev/log).
[[0;32m  OK  [0m] Created slice system-serial\x2dgetty.slice.
[[0;32m  OK  [0m] Reached target Slices.
[[0;32m  OK  [0m] Listening on Journal Socket.
         Starting Remount Root and Kernel File Systems...
[   21.602183] EXT4-fs (sda1): re-mounted. Opts: (null)
         Mounting POSIX Message Queue File System...
         Starting Create list of required st…ce nodes for the current kernel...
         Starting Uncomplicated firewall...
         Mounting Kernel Debug File System...
[[0;32m  OK  [0m] Listening on LVM2 metadata daemon socket.
         [   21.869363] random: crng init done
Starting Monitor[   22.156741] random: 7 urandom warning(s) missed due to ratelimiting
ing of LVM2 mirrors…ng dmeventd or progress polling...
         Mounting Huge Pages File System...
         Starting Load Kernel Modules...[   22.285350] Loading iSCSI transport class v2.0-870.

[[0;32m  OK  [0m] Listening on Syslog Socket.
[[0;32m  OK  [0[   22.508209] iscsi: registered transport (tcp)
m] Listening on Journal Audit Socket.
         [   22.650133] iscsi: registered transport (iser)
Starting Journal Service...
         Starting Set the console keyboard layout...
[[0;32m  OK  [0m] Listening on Network Service Netlink Socket.
[[0;32m  OK  [0m] Started Forward Password Requests to Wall Directory Watch.
[[0;32m  OK  [0m] Reached target System Time Synchronized.
[[0;32m  OK  [0m] Listening on udev Kernel Socket.
         Starting udev Coldplug all Devices...
[[0;32m  OK  [0m] Started Journal Service.
[[0;32m  OK  [0m] Started Remount Root and Kernel File Systems.
[[0;32m  OK  [0m] Mounted POSIX Message Queue File System.
[[0;32m  OK  [0m] Started Create list of required sta…vice nodes for the current kernel.
[[0;32m  OK  [0m] Started Uncomplicated firewall.
[[0;32m  OK  [0m] Mounted Kernel Debug File System.
[[0;32m  OK  [0m] Mounted Huge Pages File System.
[[0;32m  OK  [0m] Started Load Kernel Modules.
[[0;32m  OK  [0m] Started Set the console keyboard layout.
[[0;32m  OK  [0m] Started LVM2 metadata daemon.
         Starting Apply Kernel Variables...
         Mounting FUSE Control File System...
         Mounting Kernel Configuration File System...
         Starting Create Static Device Nodes in /dev...
         Starting Load/Save Random Seed...
         Starting Flush Journal to Persistent Storage...
[[0;32m  OK  [0m] Started Monitoring of LVM2 mirrors,…sing dmeventd or progress polling.
[[0;32m  OK  [0m] Started udev Coldplug all Devices.
[[0;32m  OK  [0m] Started Apply Kernel Variables.
[[0;32m  OK  [0m] Mounted FUSE Control File System.
[[0;32m  OK  [0m] Mounted Kernel Configuration File System.
[[0;32m  OK  [0m] Started Create Static Device Nodes in /dev.
[[0;32m  OK  [0m] Started Load/Save Random Seed.
         Starting udev Kernel Device Manager...
[[0;32m  OK  [0m] Reached target Local File Systems (Pre).
[[0;32m  OK  [0m] Reached target Local File Systems.
         Starting Tell Plymouth To Write Out Runtime Data...
         Starting Set console font and keymap...
         Starting ebtables ruleset management...
         Starting Commit a transient machine-id on disk...
         Starting AppArmor initialization...
[[0;32m  OK  [0m] Started udev Kernel Device Manager.
[[0;32m  OK  [0m] Started Tell Plymouth To Write Out Runtime Data.
[[0;32m  OK  [0m] Started Set console font and keymap.
[[0;32m  OK  [0m] Started Commit a transient machine-id on disk.
[[0;32m  OK  [0m] Started ebtables ruleset management.
[[0;32m  OK  [0m] Started Flush Journal to Persistent Storage.
[[0;32m  OK  [0m] Found device /dev/ttyS0.
[[0;32m  OK  [0m] Listening on Load/Save RF Kill Switch Status /dev/rfkill Watch.
         Starting Create Volatile Files and Directories...
[[0;32m  OK  [0m] Started Dispatch Password Requests to Console Directory Watch.
[[0;32m  OK  [0m] Reached target Local Encrypted Volumes.
[[0;32m  OK  [0m] Started Create Volatile Files and Directories.
         Starting Update UTMP about System Boot/Shutdown...
[[0;32m  OK  [0m] Started Update UTMP about System Boot/Shutdown.
[[0;32m  OK  [0m] Started AppArmor initialization.
         Starting Initial cloud-init job (pre-networking)...
[   25.964708] cloud-init[598]: Cloud-init v. 19.3-41-gc4735dd3-0ubuntu1~18.04.1 running 'init-local' at Mon, 27 Jan 2020 14:14:58 +0000. Up 25.55 seconds.
[[0;32m  OK  [0m] Started Initial cloud-init job (pre-networking).
[[0;32m  OK  [0m] Reached target Network (Pre).
         Starting Network Service...
[[0;32m  OK  [0m] Started Network Service.
         Starting Network Name Resolution...
         Starting Wait for Network to be Configured...
[[0;32m  OK  [0m] Started Network Name Resolution.
[[0;32m  OK  [0m] Reached target Network.
[[0;32m  OK  [0m] Reached target Host and Network Name Lookups.
[[0;32m  OK  [0m] Started Wait for Network to be Configured.
         Starting Initial cloud-init job (metadata service crawler)...
[   28.079774] cloud-init[729]: Cloud-init v. 19.3-41-gc4735dd3-0ubuntu1~18.04.1 running 'init' at Mon, 27 Jan 2020 14:15:00 +0000. Up 27.92 seconds.
[   28.094942] cloud-init[729]: ci-info: ++++++++++++++++++++++++++++++++++++++Net device info++++++++++++++++++++++++++++++++++++++
[   28.125792] cloud-init[729]: ci-info: +--------+------+----------------------------+---------------+--------+-------------------+
[   28.176174] cloud-init[729]: ci-info: | Device |  Up  |          Address           |      Mask     | Scope  |     Hw-Address    |
[   28.217266] cloud-init[729]: ci-info: +--------+------+----------------------------+---------------+--------+-------------------+
[   28.243274] cloud-init[729]: ci-info: | enp0s3 | True |         10.0.2.15          | 255.255.255.0 | global | 02:6f:f9:1e:39:dc |
[   28.304300] cloud-init[729]: ci-info: | enp0s3 | True | fe80::6f:f9ff:fe1e:39dc/64 |       .       |  link  | 02:6f:f9:1e:39:dc |
[   28.321926] cloud-init[729]: ci-info: |   lo   | True |         127.0.0.1          |   255.0.0.0   |  host  |         .         |
[   28.323686] cloud-init[729]: ci-info: |   lo   | True |          ::1/128           |       .       |  host  |         .         |
[   28.325453] cloud-init[729]: ci-info: +--------+------+----------------------------+---------------+--------+-------------------+
[   28.352182] cloud-init[729]: ci-info: ++++++++++++++++++++++++++++Route IPv4 info+++++++++++++++++++++++++++++
[   28.367232] cloud-init[729]: ci-info: +-------+-------------+----------+-----------------+-----------+-------+
[   28.368982] cloud-init[729]: ci-info: | Route | Destination | Gateway  |     Genmask     | Interface | Flags |
[   28.370559] cloud-init[729]: ci-info: +-------+-------------+----------+-----------------+-----------+-------+
[   28.372168] cloud-init[729]: ci-info: |   0   |   0.0.0.0   | 10.0.2.2 |     0.0.0.0     |   enp0s3  |   UG  |
[   28.373772] cloud-init[729]: ci-info: |   1   |   10.0.2.0  | 0.0.0.0  |  255.255.255.0  |   enp0s3  |   U   |
[   28.384220] cloud-init[729]: ci-info: |   2   |   10.0.2.2  | 0.0.0.0  | 255.255.255.255 |   enp0s3  |   UH  |
[   28.413196] cloud-init[729]: ci-info: +-------+-------------+----------+-----------------+-----------+-------+
[   28.434990] cloud-init[729]: ci-info: +++++++++++++++++++Route IPv6 info+++++++++++++++++++
[   28.436434] cloud-init[729]: ci-info: +-------+-------------+---------+-----------+-------+
[   28.437806] cloud-init[729]: ci-info: | Route | Destination | Gateway | Interface | Flags |
[   28.460567] cloud-init[729]: ci-info: +-------+-------------+---------+-----------+-------+
[   28.478814] cloud-init[729]: ci-info: |   1   |  fe80::/64  |    ::   |   enp0s3  |   U   |
[   28.484276] cloud-init[729]: ci-info: |   3   |    local    |    ::   |   enp0s3  |   U   |
[   28.500070] cloud-init[729]: ci-info: |   4   |   ff00::/8  |    ::   |   enp0s3  |   U   |
[   28.504481] cloud-init[729]: ci-info: +-------+-------------+---------+-----------+-------+
[   28.922651] cloud-init[729]: Generating public/private rsa key pair.
[   28.934389] cloud-init[729]: Your identification has been saved in /etc/ssh/ssh_host_rsa_key.
[   28.942099] cloud-init[729]: Your public key has been saved in /etc/ssh/ssh_host_rsa_key.pub.
[   28.944626] cloud-init[729]: The key fingerprint is:
[   28.945667] cloud-init[729]: SHA256:lZ/sR99NrlG64EQPvn1IWkejojOOF61mV+V9wC9ToTM root@ubuntu-bionic
[   28.950434] cloud-init[729]: The key's randomart image is:
[   28.951523] cloud-init[729]: +---[RSA 2048]----+
[   28.966126] cloud-init[729]: |                 |
[[0;32m  OK  [0m] Started Initial cloud-init job (metadata service crawler).
[   28.988490] [[0;32m  OK  [0m] Reached target Cloud-config availability.
[[0;32m  OK  [0m] Reached target Network is Online.
cloud-init[729]: |           .   . |
         Starting Availability of block devices...
[[0;32m  OK  [0m] Reached target Remote File Systems (Pre).
[[0;32m  OK  [0m] Reached target Remote File Systems.
[   29.025189] cloud-init[729]: |          o  .. .|
[[0;32m  OK  [0m] Reached target System Initialization.
[   29.095425] [cloud-init[0;32m  OK  [0m[729]: ] |         . o Eooo|Listening on UUID daemon activation socket.

         Starting LXD - unix socket.
[   29.124623] [[0;32m  OK  [0m] Started Daily apt download activities.
[[0;32m  OK  [0m] Started Discard unused blocks once a week.
cloud-init[729]: |        S . * B==|
[[0;32m  OK  [0m] Started ACPI Events Check.
[   29.135511] [cloud-init[0;32m  OK  [0m] Started Daily apt upgrade and clean activities.
[729]: |         . * *=BB|
[[0;32m  OK  [0m] Started Message of the Day.
[   29.184371] cloud-init[729]: |          + B+==*|         Starting Socket activation for snappy daemon.
[[0;32m  OK  [0m] Listening on Open-iSCSI iscsid Socket.
[[0;32m  OK  [0m] Started Daily Cleanup of Temporary Directories.
[[0;32m  OK  [0m] Reached target Timers.
[[0;32m  OK  [0m] Listening on D-Bus System Message Bus Socket.
[[0;32m  OK  [0m] Listening on ACPID Listen Socket.
[[0;32m  OK  [0m] Reached target Paths.
[[0;32m  OK  [0m] Started Availability of block devices.
[[0;32m  OK  [0m] Listening on LXD - unix socket.

[[0;32m  OK  [0m] Listening on Socket activation for snappy daemon.
[   29.233049] [[0;32m  OK  [0m] Reached target Sockets.
[[0;32m  OK  [0m] Reached target Basic System.
cloud-init[729]: |        .O +.=.+.|         Starting System Logging Service...

[   29.236129]          Starting Accounts Service...
cloud-init[729]: |       .=.+ o +. |         
Starting Login Service...
         Starting Pollinate to seed the pseudo random number generator...
[   29.284648] cloud-init[729]: +----[SHA256]-----+
[   29.284780] cloud-init[729]: Generating public/private dsa key pair.
[   29.284830] cloud-init[729]: Your identification has been saved in /etc/ssh/ssh_host_dsa_key.
[   29.284903] cloud-init[729]: Your public key has been saved in /etc/ssh/ssh_host_dsa_key.pub.
[   29.284943] cloud-init[729]: The key fingerprint is:
[   29.284981] cloud-init[729]: SHA256:bax359YCPsWfpqFl9Nlm8gzO9+mCVAFAkB5mgIY6rFA root@ubuntu-bionic
[   29.285030] cloud-init[729]: The key's randomart image is:
[   29.285071] cloud-init[729]: +---[DSA 1024]----+
[   29.285116] cloud-init[729]: |  . ....+o...    |
[   29.285155] cloud-init[729]: | .Eo   =     .   |
[   29.285201] cloud-init[729]: |o..   + .     .  |
[   29.285243] cloud-init[729]: |+.     . o   .   |
[   29.285284] cloud-init[729]: |o.      S + .o   |
[   29.285326] cloud-init[729]: |.        o .o + o|
[   29.285364] cloud-init[729]: |        . o.o*+==|
[   29.285406] cloud-init[729]: |         . o**+X=|
[   29.285448] cloud-init[729]: |           . +O==|
[   29.285494] cloud-init[729]: +----[SHA256]-----+
[   29.285542] cloud-init[729]: Generating public/private ecdsa key pair.
[   29.285589] cloud-init[729]: Your identification has been saved in /etc/ssh/ssh_host_ecdsa_key.
[   29.285636] cloud-init[729]: Your public key has been saved in /etc/ssh/ssh_host_ecdsa_key.pub.
[   29.285683] cloud-init[729]: The key fingerprint is:
[   29.285731] cloud-init[729]: SHA256:nxcdPhl/C12Xdh/H1trwsz4EtgRBHMlgtM8JCK1qkc0 root@ubuntu-bionic
[   29.285778] cloud-init[729]: The key's randomart image is:
[   29.285821] cloud-init[729]: +---[ECDSA 256]---+
[   29.285867] cloud-init[729]: |     .. .+=++    |
[   29.285913] cloud-init[729]: |      ..o .=   .o|
[   29.285989] cloud-init[729]: |    + .. o  . ++O|
[   29.286033] cloud-init[729]: |   o E    + .*o@B|
[   29.286075] cloud-init[729]: |    o   S  ++.Oo*|
[   29.286113] cloud-init[729]: |   o     . . o.o=|
[   29.286155] cloud-init[729]: |  .       o . .o |
[   29.286196] cloud-init[729]: |           .  .. |
[   29.286246] cloud-init[729]: |               ..|
[   29.286291] cloud-init[729]: +----[SHA256]-----+
[   29.286335] cloud-init[729]: Generating public/private ed25519 key pair.
[   29.286377] cloud-init[729]: Your identification has been saved in /etc/ssh/ssh_host_ed25519_key.
[   29.286419] cloud-init[729]: Your public key has been saved in /etc/ssh/ssh_host_ed25519_key.pub.
[   29.286461] cloud-init[729]: The key fingerprint is:
[   29.286500] cloud-init[729]: SHA256:KOqZ7Zsw2pFKTy9rhwndV5UAI1YgEBpkwo6tjIyIYEc root@ubuntu-bionic
[   29.286542] cloud-init[729]: The key's randomart image is:
[   29.286580] cloud-init[729]: +--[ED25519 256]--+
[   29.286621] cloud-init[729]: |==o. +o+... .    |
[   29.286685] cloud-init[729]: |+o Eo . .  o     |
[   29.286732] cloud-init[729]: |+..       .      |
[   29.286779] cloud-init[729]: |oo..   . .       |
[   29.286822] cloud-init[729]: |X.o o . S        |
[   29.286864] cloud-init[729]: |*+ + o .         |
[   29.286906] cloud-init[729]: | .B.o .          |
[   29.286945] cloud-init[729]: |.=o%.o           |
[   29.287454] cloud-init[729]: |o *+Oo           |
[   29.287508] cloud-init[729]: +----[SHA256]-----+
         Starting LSB: Record successful boot for GRUB...
         Starting Permit User Sessions...
[[0;32m  OK  [0m] Started Deferred execution scheduler.
[[0;32m  OK  [0m] Started D-Bus System Message Bus.
[[0;32m  OK  [0m] Started Login Service.
[[0;32m  OK  [0m] Started irqbalance daemon.
         Starting LSB: automatic crash report generation...
[[0;32m  OK  [0m] Started Regular background program processing daemon.
         Starting Dispatcher daemon for systemd-networkd...
         Starting Virtualbox guest utils...
[[0;32m  OK  [0m] Started Unattended Upgrades Shutdown.
[[0;32m  OK  [0m] Started FUSE filesystem for LXC.
         Starting LXD - container startup/shutdown...
         Starting Snappy daemon...
[[0;32m  OK  [0m] Started System Logging Service.
[[0;32m  OK  [0m] Started Permit User Sessions.
[[0;32m  OK  [0m] Started Dispatcher daemon for systemd-networkd.
         Starting Authorization Manager...
         Starting Terminate Plymouth Boot Screen...
         Starting Hold until boot process finishes up...
[[0;32m  OK  [0m] Started Pollinate to seed the pseudo random number generator.
[[0;32m  OK  [0m] Started Terminate Plymouth Boot Screen.
[[0;32m  OK  [0m] Started Hold until boot process finishes up.
[[0;32m  OK  [0m] Started Serial Getty on ttyS0.
         Starting Set console scheme...
         Starting OpenBSD Secure Shell server...
[[0;32m  OK  [0m] Started LSB: Record successful boot for GRUB.
[[0;32m  OK  [0m] Started LSB: automatic crash report generation.
[[0;32m  OK  [0m] Started Virtualbox guest utils.
[[0;32m  OK  [0m] Started LXD - container startup/shutdown.
[[0;32m  OK  [0m] Started Set console scheme.
[[0;32m  OK  [0m] Started Authorization Manager.
[[0;32m  OK  [0m] Started OpenBSD Secure Shell server.
[[0;32m  OK  [0m] Started Accounts Service.
[[0;32m  OK  [0m] Started Snappy daemon.
         Starting Wait until snapd is fully seeded...
[[0;32m  OK  [0m] Created slice system-getty.slice.
[[0;32m  OK  [0m] Started Getty on tty1.
[[0;32m  OK  [0m] Reached target Login Prompts.
[[0;32m  OK  [0m] Created slice User Slice of vagrant.
         Starting User Manager for UID 1000...
[[0;32m  OK  [0m] Started Session 1 of user vagrant.
[[0;32m  OK  [0m] Started User Manager for UID 1000.
[[0;32m  OK  [0m] Started Wait until snapd is fully seeded.
         Starting Apply the settings specified in cloud-config...
[[0;32m  OK  [0m] Reached target Multi-User System.
[[0;32m  OK  [0m] Reached target Graphical Interface.
         Starting Update UTMP about System Runlevel Changes...
[[0;32m  OK  [0m] Started Update UTMP about System Runlevel Changes.
[   33.524871] cloud-init[1454]: Cloud-init v. 19.3-41-gc4735dd3-0ubuntu1~18.04.1 running 'modules:config' at Mon, 27 Jan 2020 14:15:05 +0000. Up 33.10 seconds.
[[0;32m  OK  [0m] Started Apply the settings specified in cloud-config.
         Starting Execute cloud user/final scripts...
ci-info: no authorized ssh keys fingerprints found for user ubuntu.
<14>Jan 27 14:15:06 ec2: 
<14>Jan 27 14:15:06 ec2: #############################################################
<14>Jan 27 14:15:06 ec2: -----BEGIN SSH HOST KEY FINGERPRINTS-----
<14>Jan 27 14:15:06 ec2: 1024 SHA256:bax359YCPsWfpqFl9Nlm8gzO9+mCVAFAkB5mgIY6rFA root@ubuntu-bionic (DSA)
<14>Jan 27 14:15:06 ec2: 256 SHA256:nxcdPhl/C12Xdh/H1trwsz4EtgRBHMlgtM8JCK1qkc0 root@ubuntu-bionic (ECDSA)
<14>Jan 27 14:15:06 ec2: 256 SHA256:KOqZ7Zsw2pFKTy9rhwndV5UAI1YgEBpkwo6tjIyIYEc root@ubuntu-bionic (ED25519)
<14>Jan 27 14:15:06 ec2: 2048 SHA256:lZ/sR99NrlG64EQPvn1IWkejojOOF61mV+V9wC9ToTM root@ubuntu-bionic (RSA)
<14>Jan 27 14:15:06 ec2: -----END SSH HOST KEY FINGERPRINTS-----
<14>Jan 27 14:15:06 ec2: #############################################################
-----BEGIN SSH HOST KEY KEYS-----
ecdsa-sha2-nistp256 AAAAE2VjZHNhLXNoYTItbmlzdHAyNTYAAAAIbmlzdHAyNTYAAABBBH0NhhXDLIGRiPVoc2synzVD6r7xT4UT1FU4M0YV7S1HVOn9+062RVuW0WR+a/1/4SHZvwVH22zFYknCnsMglKo= root@ubuntu-bionic
ssh-ed25519 AAAAC3NzaC1lZDI1NTE5AAAAIML6tjlzwNcaOgw2M7kN/G7FpJTIc4vtjuVm4mCgZsPY root@ubuntu-bionic
ssh-rsa AAAAB3NzaC1yc2EAAAADAQABAAABAQC0xMMbU5fxc3tsUL5D8MgzKo79jAWbFdt9NuhcQXzTPfSkGiITc6QtBPxtNNkZxJ+F37unQgBtVg3jXBF/JEMkG6gHX+GACa6ppZ7DBCPy2rlw0V+9pqhcgmaM7Itzq24lg83xLRTmH4i7V9+RzQZ16gFUG68V6tAT2b2GWZtd06iiR0s5JnQjcf8r1wGOIbNcS24O09cL/QbJ+z85lNPF2wqggNmc1fRveSb5mMRn/TaDf4OsZBjXxJSS/pudRieAp6JaQwz2o7vXW2vdXbMoE9IYKptB1BICW3Mm5efHrsc5YYu+2qqTNGr90CO/YpAAQ+meyeuT6FVLTCrfNJBX root@ubuntu-bionic
-----END SSH HOST KEY KEYS-----
[   34.516326] cloud-init[1603]: Cloud-init v. 19.3-41-gc4735dd3-0ubuntu1~18.04.1 running 'modules:final' at Mon, 27 Jan 2020 14:15:06 +0000. Up 34.00 seconds.
[   34.525502] cloud-init[1603]: ci-info: no authorized ssh keys fingerprints found for user ubuntu.
[   34.531429] cloud-init[1603]: Cloud-init v. 19.3-41-gc4735dd3-0ubuntu1~18.04.1 finished at Mon, 27 Jan 2020 14:15:07 +0000. Datasource DataSourceNoCloud [seed=/dev/sdb][dsmode=net].  Up 34.49 seconds
[[0;32m  OK  [0m] Started Execute cloud user/final scripts.
[[0;32m  OK  [0m] Reached target Cloud-init target.

Ubuntu 18.04.3 LTS ubuntu-bionic ttyS0

ubuntu-bionic login: 